{
  "RSpec": {
    "coverage": {
      "C:/Users/Chloe2005/Downloads/CSCI3100 Project/branch_testing/csci3100_project_group6/app/helpers/application_helper.rb": {
        "lines": [
          1,
          null
        ],
        "branches": {}
      },
      "C:/Users/Chloe2005/Downloads/CSCI3100 Project/branch_testing/csci3100_project_group6/app/helpers/dashboards_helper.rb": {
        "lines": [
          1,
          null
        ],
        "branches": {}
      },
      "C:/Users/Chloe2005/Downloads/CSCI3100 Project/branch_testing/csci3100_project_group6/app/helpers/welcome_helper.rb": {
        "lines": [
          1,
          null
        ],
        "branches": {}
      },
      "C:/Users/Chloe2005/Downloads/CSCI3100 Project/branch_testing/csci3100_project_group6/app/controllers/bookings_controller.rb": {
        "lines": [
          1,
          1,
          0,
          0,
          null,
          null,
          1,
          0,
          0,
          null,
          0,
          null,
          0,
          0,
          null,
          null,
          0,
          null,
          null,
          0,
          null,
          null,
          1,
          1,
          1,
          1,
          1,
          1,
          null,
          null,
          1,
          0,
          null,
          null,
          1,
          null,
          1,
          0,
          null,
          0,
          null,
          null,
          null,
          null,
          null,
          null,
          null,
          null,
          0,
          null,
          null,
          1,
          0,
          0,
          0,
          0,
          0,
          0,
          null,
          0,
          0,
          null,
          0,
          null,
          null,
          1,
          2,
          2,
          2,
          2,
          null,
          2,
          0,
          2,
          0,
          2,
          2,
          2,
          2,
          null,
          2,
          1,
          null,
          1,
          null,
          null,
          0,
          null,
          null,
          null,
          1,
          0,
          null,
          null,
          1,
          0,
          0,
          null,
          0,
          0,
          0,
          0,
          null,
          0,
          0,
          null,
          null,
          null,
          null,
          null,
          0,
          null,
          null,
          null,
          null,
          1,
          0,
          0,
          0,
          0,
          0,
          0,
          null,
          0,
          null,
          null,
          0,
          null,
          null,
          null,
          1,
          null,
          1,
          0,
          null,
          null,
          1,
          0,
          null,
          0,
          null,
          null,
          1,
          2,
          null,
          null,
          1,
          2,
          null,
          2,
          2,
          null,
          2,
          2,
          0,
          0,
          null,
          2,
          2,
          null,
          null,
          null,
          1,
          2,
          null,
          1,
          1,
          null,
          1,
          1,
          null,
          1,
          null,
          null,
          null,
          null,
          1,
          null,
          null,
          1,
          0,
          null,
          null,
          null,
          null,
          null,
          0,
          0,
          0,
          0,
          0,
          0,
          null,
          null,
          null,
          0,
          null,
          null,
          1,
          1,
          1,
          null,
          1,
          1,
          null,
          null,
          1,
          1,
          null,
          0,
          null,
          null,
          1,
          0,
          null,
          null,
          null,
          null,
          null,
          null,
          null,
          null,
          null,
          1,
          2,
          null,
          0,
          null,
          0,
          null,
          null,
          1,
          0,
          null
        ],
        "branches": {
          "[:if, 0, 13, 4, 15, 7]": {
            "[:then, 1, 14, 6, 14, 90]": 0,
            "[:else, 2, 13, 4, 15, 7]": 0
          },
          "[:unless, 3, 60, 4, 60, 53]": {
            "[:else, 4, 60, 4, 60, 53]": 0,
            "[:then, 5, 60, 4, 60, 10]": 0
          },
          "[:if, 6, 61, 4, 61, 33]": {
            "[:then, 7, 61, 4, 61, 10]": 0,
            "[:else, 8, 61, 4, 61, 33]": 0
          },
          "[:if, 9, 72, 4, 88, 7]": {
            "[:then, 10, 73, 6, 73, 166]": 0,
            "[:else, 11, 74, 4, 88, 7]": 2
          },
          "[:if, 12, 74, 4, 88, 7]": {
            "[:then, 13, 75, 6, 75, 65]": 0,
            "[:else, 14, 76, 4, 88, 7]": 2
          },
          "[:if, 15, 76, 4, 88, 7]": {
            "[:then, 16, 77, 6, 85, 9]": 2,
            "[:else, 17, 87, 6, 87, 48]": 0
          },
          "[:if, 18, 81, 6, 85, 9]": {
            "[:then, 19, 82, 8, 82, 57]": 1,
            "[:else, 20, 84, 8, 84, 66]": 1
          },
          "[:if, 21, 99, 4, 113, 7]": {
            "[:then, 22, 100, 6, 112, 9]": 0,
            "[:else, 23, 99, 4, 113, 7]": 0
          },
          "[:if, 24, 104, 6, 112, 9]": {
            "[:then, 25, 105, 8, 109, 9]": 0,
            "[:else, 26, 111, 8, 111, 44]": 0
          },
          "[:if, 27, 118, 4, 128, 7]": {
            "[:then, 28, 119, 6, 125, 9]": 0,
            "[:else, 29, 127, 6, 127, 54]": 0
          },
          "[:if, 30, 119, 6, 125, 9]": {
            "[:then, 31, 120, 8, 122, 102]": 0,
            "[:else, 32, 124, 8, 124, 69]": 0
          },
          "[:if, 33, 138, 4, 138, 65]": {
            "[:then, 34, 138, 4, 138, 33]": 0,
            "[:else, 35, 138, 4, 138, 65]": 0
          },
          "[:if, 36, 148, 4, 148, 41]": {
            "[:then, 37, 148, 4, 148, 10]": 0,
            "[:else, 38, 148, 4, 148, 41]": 2
          },
          "[:if, 39, 151, 4, 151, 30]": {
            "[:then, 40, 151, 4, 151, 10]": 0,
            "[:else, 41, 151, 4, 151, 30]": 2
          },
          "[:if, 42, 154, 4, 160, 7]": {
            "[:then, 43, 155, 6, 156, 80]": 0,
            "[:else, 44, 158, 6, 159, 43]": 2
          },
          "[:unless, 45, 164, 4, 164, 60]": {
            "[:else, 46, 164, 4, 164, 60]": 1,
            "[:then, 47, 164, 4, 164, 16]": 1
          },
          "[:if, 48, 167, 4, 167, 39]": {
            "[:then, 49, 167, 4, 167, 16]": 0,
            "[:else, 50, 167, 4, 167, 39]": 1
          },
          "[:if, 51, 170, 4, 170, 32]": {
            "[:then, 52, 170, 4, 170, 15]": 0,
            "[:else, 53, 170, 4, 170, 32]": 1
          },
          "[:if, 54, 200, 16, 200, 107]": {
            "[:then, 55, 200, 51, 200, 66]": 0,
            "[:else, 56, 200, 69, 200, 107]": 1
          },
          "[:if, 57, 201, 4, 201, 32]": {
            "[:then, 58, 201, 4, 201, 12]": 0,
            "[:else, 59, 201, 4, 201, 32]": 1
          },
          "[:if, 60, 203, 15, 203, 97]": {
            "[:then, 61, 203, 48, 203, 69]": 0,
            "[:else, 62, 203, 72, 203, 97]": 1
          },
          "[:if, 63, 208, 4, 208, 68]": {
            "[:then, 64, 208, 4, 208, 37]": 1,
            "[:else, 65, 208, 4, 208, 68]": 0
          },
          "[:if, 66, 225, 4, 225, 26]": {
            "[:then, 67, 225, 4, 225, 10]": 2,
            "[:else, 68, 225, 4, 225, 26]": 0
          }
        }
      },
      "C:/Users/Chloe2005/Downloads/CSCI3100 Project/branch_testing/csci3100_project_group6/app/controllers/application_controller.rb": {
        "lines": [
          1,
          null,
          1,
          1,
          null,
          1,
          null,
          1,
          null,
          1,
          11,
          null,
          null,
          1,
          12,
          null,
          null,
          1,
          9,
          1,
          1,
          null,
          null,
          null
        ],
        "branches": {
          "[:unless, 0, 19, 4, 22, 7]": {
            "[:else, 1, 19, 4, 22, 7]": 8,
            "[:then, 2, 20, 6, 21, 28]": 1
          }
        }
      },
      "C:/Users/Chloe2005/Downloads/CSCI3100 Project/branch_testing/csci3100_project_group6/app/controllers/buildings_controller.rb": {
        "lines": [
          1,
          1,
          1,
          4,
          11,
          null,
          4,
          1,
          1,
          null,
          null,
          3,
          3,
          null,
          3,
          null,
          0,
          null,
          null,
          null,
          3,
          3,
          null,
          null,
          null,
          null,
          null,
          3,
          null,
          null,
          1,
          null,
          1,
          7,
          null
        ],
        "branches": {
          "[:if, 0, 7, 4, 10, 7]": {
            "[:then, 1, 8, 6, 9, 12]": 1,
            "[:else, 2, 7, 4, 10, 7]": 3
          },
          "[:if, 3, 15, 6, 15, 92]": {
            "[:then, 4, 15, 39, 15, 77]": 0,
            "[:else, 5, 15, 80, 15, 92]": 3
          }
        }
      },
      "C:/Users/Chloe2005/Downloads/CSCI3100 Project/branch_testing/csci3100_project_group6/app/controllers/passwords_controller.rb": {
        "lines": [
          1,
          1,
          null,
          null,
          1,
          1,
          null,
          null,
          1,
          4,
          null,
          4,
          3,
          null,
          2,
          1,
          null,
          1,
          null,
          null,
          1,
          null,
          2,
          null,
          1,
          1,
          null,
          null,
          1,
          1,
          null,
          null
        ],
        "branches": {
          "[:if, 0, 12, 4, 31, 7]": {
            "[:then, 1, 13, 6, 27, 9]": 3,
            "[:else, 2, 29, 6, 30, 18]": 1
          },
          "[:if, 3, 13, 6, 27, 9]": {
            "[:then, 4, 14, 8, 23, 29]": 2,
            "[:else, 5, 25, 8, 26, 20]": 1
          }
        }
      },
      "C:/Users/Chloe2005/Downloads/CSCI3100 Project/branch_testing/csci3100_project_group6/app/controllers/registrations_controller.rb": {
        "lines": [
          1,
          1,
          null,
          1,
          1,
          1,
          null,
          null,
          1,
          2,
          null,
          2,
          1,
          1,
          null,
          1,
          1,
          null,
          null,
          null,
          1,
          null,
          1,
          2,
          null
        ],
        "branches": {
          "[:if, 0, 12, 4, 18, 7]": {
            "[:then, 1, 13, 6, 14, 28]": 1,
            "[:else, 2, 16, 6, 17, 48]": 1
          }
        }
      },
      "C:/Users/Chloe2005/Downloads/CSCI3100 Project/branch_testing/csci3100_project_group6/app/controllers/search_controller.rb": {
        "lines": [
          1,
          1,
          2,
          2,
          null,
          2,
          1,
          1,
          null,
          null,
          null,
          null,
          null,
          null,
          null,
          null,
          null,
          null,
          null,
          null,
          null,
          null,
          null,
          null,
          null,
          1,
          1,
          null,
          null
        ],
        "branches": {
          "[:if, 0, 6, 4, 28, 7]": {
            "[:then, 1, 7, 6, 8, 80]": 1,
            "[:else, 2, 26, 6, 27, 25]": 1
          }
        }
      },
      "C:/Users/Chloe2005/Downloads/CSCI3100 Project/branch_testing/csci3100_project_group6/app/jobs/application_job.rb": {
        "lines": [
          1,
          null,
          null,
          null,
          null,
          null,
          null
        ],
        "branches": {}
      },
      "C:/Users/Chloe2005/Downloads/CSCI3100 Project/branch_testing/csci3100_project_group6/app/mailers/booking_mailer.rb": {
        "lines": [
          1,
          null,
          null,
          null,
          null,
          null,
          null,
          null,
          null,
          null,
          null,
          1,
          12,
          12,
          12,
          12,
          null,
          null,
          1,
          8,
          8,
          8,
          8,
          null,
          null,
          1,
          null,
          1,
          20,
          20,
          null,
          20,
          20,
          null,
          null,
          1,
          40,
          null,
          40,
          null
        ],
        "branches": {
          "[:\"&.\", 0, 29, 40, 29, 70]": {
            "[:then, 1, 29, 40, 29, 70]": 0,
            "[:else, 2, 29, 40, 29, 70]": 0
          },
          "[:\"&.\", 3, 30, 36, 30, 64]": {
            "[:then, 4, 30, 36, 30, 64]": 0,
            "[:else, 5, 30, 36, 30, 64]": 0
          },
          "[:if, 6, 37, 4, 37, 32]": {
            "[:then, 7, 37, 4, 37, 16]": 0,
            "[:else, 8, 37, 4, 37, 32]": 40
          }
        }
      },
      "C:/Users/Chloe2005/Downloads/CSCI3100 Project/branch_testing/csci3100_project_group6/app/mailers/application_mailer.rb": {
        "lines": [
          1,
          1,
          1,
          null
        ],
        "branches": {}
      },
      "C:/Users/Chloe2005/Downloads/CSCI3100 Project/branch_testing/csci3100_project_group6/app/mailers/user_mailer.rb": {
        "lines": [
          1,
          1,
          6,
          6,
          null,
          6,
          null,
          null,
          null,
          null,
          null
        ],
        "branches": {}
      },
      "C:/Users/Chloe2005/Downloads/CSCI3100 Project/branch_testing/csci3100_project_group6/app/models/booking.rb": {
        "lines": [
          1,
          1,
          null,
          1,
          1,
          1,
          null,
          null,
          null,
          null,
          null,
          1,
          6,
          null,
          null,
          null,
          null,
          null,
          null,
          null,
          1,
          3,
          null,
          null,
          null,
          null,
          null,
          null,
          null,
          1,
          1,
          null,
          null,
          1,
          1,
          null,
          null,
          1,
          1,
          null,
          null,
          null,
          1,
          3,
          null,
          null,
          1,
          3,
          null,
          null,
          1,
          3,
          null,
          null,
          null,
          null,
          null
        ],
        "branches": {}
      },
      "C:/Users/Chloe2005/Downloads/CSCI3100 Project/branch_testing/csci3100_project_group6/app/models/application_record.rb": {
        "lines": [
          1,
          1,
          null
        ],
        "branches": {}
      },
      "C:/Users/Chloe2005/Downloads/CSCI3100 Project/branch_testing/csci3100_project_group6/app/services/dashboard_stats_service.rb": {
        "lines": [
          1,
          1,
          8,
          null,
          null,
          null,
          null,
          8,
          null,
          null,
          null,
          null,
          null,
          21,
          7,
          null,
          null
        ],
        "branches": {}
      },
      "C:/Users/Chloe2005/Downloads/CSCI3100 Project/branch_testing/csci3100_project_group6/app/models/user.rb": {
        "lines": [
          1,
          1,
          1,
          null,
          1,
          61,
          31,
          1,
          null
        ],
        "branches": {}
      },
      "C:/Users/Chloe2005/Downloads/CSCI3100 Project/branch_testing/csci3100_project_group6/app/models/venue.rb": {
        "lines": [
          1,
          null,
          1,
          1,
          null
        ],
        "branches": {}
      },
      "C:/Users/Chloe2005/Downloads/CSCI3100 Project/branch_testing/csci3100_project_group6/app/models/location.rb": {
        "lines": [
          1,
          1,
          null,
          null,
          null
        ],
        "branches": {}
      },
      "C:/Users/Chloe2005/Downloads/CSCI3100 Project/branch_testing/csci3100_project_group6/app/models/time_slot.rb": {
        "lines": [
          1,
          1,
          null
        ],
        "branches": {}
      },
      "C:/Users/Chloe2005/Downloads/CSCI3100 Project/branch_testing/csci3100_project_group6/app/models/equipment.rb": {
        "lines": [
          1,
          null,
          null
        ],
        "branches": {}
      },
      "C:/Users/Chloe2005/Downloads/CSCI3100 Project/branch_testing/csci3100_project_group6/app/models/tenant.rb": {
        "lines": [
          1,
          1,
          1,
          null
        ],
        "branches": {}
      },
      "C:/Users/Chloe2005/Downloads/CSCI3100 Project/branch_testing/csci3100_project_group6/app/controllers/dashboards_controller.rb": {
        "lines": [
          1,
          1,
          2,
          null,
          2,
          2,
          3,
          null,
          null
        ],
        "branches": {}
      },
      "C:/Users/Chloe2005/Downloads/CSCI3100 Project/branch_testing/csci3100_project_group6/app/controllers/sessions_controller.rb": {
        "lines": [
          1,
          1,
          null,
          1,
          0,
          null,
          null,
          1,
          2,
          null,
          2,
          2,
          2,
          2,
          null,
          0,
          0,
          0,
          null,
          null,
          null,
          1,
          0,
          0,
          0,
          0,
          null
        ],
        "branches": {
          "[:\"&.\", 0, 11, 7, 11, 45]": {
            "[:then, 1, 11, 7, 11, 45]": 2,
            "[:else, 2, 11, 7, 11, 45]": 0
          },
          "[:if, 3, 11, 4, 19, 7]": {
            "[:then, 4, 12, 6, 14, 27]": 2,
            "[:else, 5, 16, 6, 18, 48]": 0
          }
        }
      },
      "C:/Users/Chloe2005/Downloads/CSCI3100 Project/branch_testing/csci3100_project_group6/app/controllers/pages_controller.rb": {
        "lines": [
          1,
          1,
          null,
          1,
          0,
          0,
          null,
          null,
          1,
          null,
          1,
          null,
          0,
          null,
          null,
          1
        ],
        "branches": {
          "[:if, 0, 5, 4, 5, 39]": {
            "[:then, 1, 5, 4, 5, 25]": 0,
            "[:else, 2, 5, 4, 5, 39]": 0
          }
        }
      },
      "C:/Users/Chloe2005/Downloads/CSCI3100 Project/branch_testing/csci3100_project_group6/app/controllers/welcome_controller.rb": {
        "lines": [
          0,
          0,
          0,
          null,
          0,
          0,
          0,
          0
        ],
        "branches": {}
      }
    },
    "timestamp": 1776099256
  },
  "Cucumber Features": {
    "coverage": {
      "C:/Users/Chloe2005/Downloads/CSCI3100 Project/branch_testing/csci3100_project_group6/app/models/user.rb": {
        "lines": [
          1,
          1,
          1,
          null,
          1,
          33,
          17,
          1,
          null
        ],
        "branches": {}
      },
      "C:/Users/Chloe2005/Downloads/CSCI3100 Project/branch_testing/csci3100_project_group6/app/models/application_record.rb": {
        "lines": [
          1,
          1,
          null
        ],
        "branches": {}
      },
      "C:/Users/Chloe2005/Downloads/CSCI3100 Project/branch_testing/csci3100_project_group6/app/controllers/sessions_controller.rb": {
        "lines": [
          1,
          1,
          null,
          1,
          15,
          null,
          null,
          1,
          14,
          null,
          14,
          14,
          14,
          14,
          null,
          0,
          0,
          0,
          null,
          null,
          null,
          1,
          0,
          0,
          0,
          0,
          null
        ],
        "branches": {
          "[:\"&.\", 0, 11, 7, 11, 45]": {
            "[:then, 1, 11, 7, 11, 45]": 14,
            "[:else, 2, 11, 7, 11, 45]": 0
          },
          "[:if, 3, 11, 4, 19, 7]": {
            "[:then, 4, 12, 6, 14, 27]": 14,
            "[:else, 5, 16, 6, 18, 48]": 0
          }
        }
      },
      "C:/Users/Chloe2005/Downloads/CSCI3100 Project/branch_testing/csci3100_project_group6/app/controllers/application_controller.rb": {
        "lines": [
          1,
          null,
          1,
          1,
          null,
          1,
          null,
          1,
          null,
          1,
          115,
          null,
          null,
          1,
          75,
          null,
          null,
          1,
          37,
          0,
          0,
          null,
          null,
          null
        ],
        "branches": {
          "[:unless, 0, 19, 4, 22, 7]": {
            "[:else, 1, 19, 4, 22, 7]": 37,
            "[:then, 2, 20, 6, 21, 28]": 0
          }
        }
      },
      "C:/Users/Chloe2005/Downloads/CSCI3100 Project/branch_testing/csci3100_project_group6/app/helpers/application_helper.rb": {
        "lines": [
          1,
          null
        ],
        "branches": {}
      },
      "C:/Users/Chloe2005/Downloads/CSCI3100 Project/branch_testing/csci3100_project_group6/app/helpers/dashboards_helper.rb": {
        "lines": [
          1,
          null
        ],
        "branches": {}
      },
      "C:/Users/Chloe2005/Downloads/CSCI3100 Project/branch_testing/csci3100_project_group6/app/helpers/welcome_helper.rb": {
        "lines": [
          1,
          null
        ],
        "branches": {}
      },
      "C:/Users/Chloe2005/Downloads/CSCI3100 Project/branch_testing/csci3100_project_group6/app/controllers/pages_controller.rb": {
        "lines": [
          1,
          1,
          null,
          1,
          1,
          1,
          null,
          null,
          1,
          null,
          1,
          null,
          0,
          null,
          null,
          1
        ],
        "branches": {
          "[:if, 0, 5, 4, 5, 39]": {
            "[:then, 1, 5, 4, 5, 25]": 1,
            "[:else, 2, 5, 4, 5, 39]": 0
          }
        }
      },
      "C:/Users/Chloe2005/Downloads/CSCI3100 Project/branch_testing/csci3100_project_group6/app/models/tenant.rb": {
        "lines": [
          1,
          1,
          1,
          null
        ],
        "branches": {}
      },
      "C:/Users/Chloe2005/Downloads/CSCI3100 Project/branch_testing/csci3100_project_group6/app/models/location.rb": {
        "lines": [
          1,
          1,
          null,
          null,
          null
        ],
        "branches": {}
      },
      "C:/Users/Chloe2005/Downloads/CSCI3100 Project/branch_testing/csci3100_project_group6/app/models/venue.rb": {
        "lines": [
          1,
          null,
          1,
          1,
          null
        ],
        "branches": {}
      },
      "C:/Users/Chloe2005/Downloads/CSCI3100 Project/branch_testing/csci3100_project_group6/app/models/time_slot.rb": {
        "lines": [
          1,
          1,
          null
        ],
        "branches": {}
      },
      "C:/Users/Chloe2005/Downloads/CSCI3100 Project/branch_testing/csci3100_project_group6/app/controllers/buildings_controller.rb": {
        "lines": [
          1,
          1,
          1,
          2,
          4,
          null,
          2,
          0,
          0,
          null,
          null,
          2,
          2,
          null,
          2,
          null,
          0,
          null,
          null,
          null,
          2,
          2,
          null,
          null,
          null,
          null,
          null,
          2,
          null,
          null,
          1,
          null,
          1,
          2,
          null
        ],
        "branches": {
          "[:if, 0, 7, 4, 10, 7]": {
            "[:then, 1, 8, 6, 9, 12]": 0,
            "[:else, 2, 7, 4, 10, 7]": 2
          },
          "[:if, 3, 15, 6, 15, 92]": {
            "[:then, 4, 15, 39, 15, 77]": 0,
            "[:else, 5, 15, 80, 15, 92]": 2
          }
        }
      },
      "C:/Users/Chloe2005/Downloads/CSCI3100 Project/branch_testing/csci3100_project_group6/app/models/booking.rb": {
        "lines": [
          1,
          1,
          null,
          1,
          1,
          1,
          null,
          null,
          null,
          null,
          null,
          1,
          5,
          null,
          null,
          null,
          null,
          null,
          null,
          null,
          1,
          0,
          null,
          null,
          null,
          null,
          null,
          null,
          null,
          1,
          0,
          null,
          null,
          1,
          0,
          null,
          null,
          1,
          0,
          null,
          null,
          null,
          1,
          0,
          null,
          null,
          1,
          0,
          null,
          null,
          1,
          0,
          null,
          null,
          null,
          null,
          null
        ],
        "branches": {}
      },
      "C:/Users/Chloe2005/Downloads/CSCI3100 Project/branch_testing/csci3100_project_group6/app/controllers/bookings_controller.rb": {
        "lines": [
          1,
          1,
          0,
          0,
          null,
          null,
          1,
          0,
          0,
          null,
          0,
          null,
          0,
          0,
          null,
          null,
          0,
          null,
          null,
          0,
          null,
          null,
          1,
          0,
          0,
          0,
          0,
          0,
          null,
          null,
          1,
          0,
          null,
          null,
          1,
          null,
          1,
          3,
          null,
          0,
          null,
          null,
          null,
          null,
          null,
          null,
          null,
          null,
          3,
          null,
          null,
          1,
          1,
          1,
          1,
          1,
          1,
          1,
          null,
          1,
          1,
          null,
          0,
          null,
          null,
          1,
          5,
          5,
          5,
          5,
          null,
          5,
          0,
          5,
          0,
          5,
          5,
          5,
          5,
          null,
          5,
          3,
          null,
          2,
          null,
          null,
          0,
          null,
          null,
          null,
          1,
          0,
          null,
          null,
          1,
          1,
          1,
          null,
          1,
          0,
          0,
          0,
          null,
          0,
          0,
          null,
          null,
          null,
          null,
          null,
          0,
          null,
          null,
          null,
          null,
          1,
          3,
          3,
          3,
          3,
          3,
          3,
          null,
          0,
          null,
          null,
          0,
          null,
          null,
          null,
          1,
          null,
          1,
          1,
          null,
          null,
          1,
          0,
          null,
          0,
          null,
          null,
          1,
          5,
          null,
          null,
          1,
          5,
          null,
          5,
          5,
          null,
          5,
          5,
          5,
          5,
          null,
          0,
          0,
          null,
          null,
          null,
          1,
          5,
          null,
          2,
          2,
          null,
          2,
          2,
          null,
          2,
          null,
          null,
          null,
          null,
          2,
          null,
          null,
          1,
          0,
          null,
          null,
          null,
          null,
          null,
          0,
          0,
          0,
          0,
          0,
          0,
          null,
          null,
          null,
          0,
          null,
          null,
          1,
          2,
          2,
          null,
          2,
          2,
          null,
          null,
          1,
          2,
          null,
          0,
          null,
          null,
          1,
          10,
          null,
          null,
          null,
          null,
          null,
          null,
          null,
          null,
          null,
          1,
          5,
          null,
          5,
          null,
          0,
          null,
          null,
          1,
          0,
          null
        ],
        "branches": {
          "[:if, 0, 13, 4, 15, 7]": {
            "[:then, 1, 14, 6, 14, 90]": 0,
            "[:else, 2, 13, 4, 15, 7]": 0
          },
          "[:unless, 3, 60, 4, 60, 53]": {
            "[:else, 4, 60, 4, 60, 53]": 1,
            "[:then, 5, 60, 4, 60, 10]": 0
          },
          "[:if, 6, 61, 4, 61, 33]": {
            "[:then, 7, 61, 4, 61, 10]": 1,
            "[:else, 8, 61, 4, 61, 33]": 0
          },
          "[:if, 9, 72, 4, 88, 7]": {
            "[:then, 10, 73, 6, 73, 166]": 0,
            "[:else, 11, 74, 4, 88, 7]": 5
          },
          "[:if, 12, 74, 4, 88, 7]": {
            "[:then, 13, 75, 6, 75, 65]": 0,
            "[:else, 14, 76, 4, 88, 7]": 5
          },
          "[:if, 15, 76, 4, 88, 7]": {
            "[:then, 16, 77, 6, 85, 9]": 5,
            "[:else, 17, 87, 6, 87, 48]": 0
          },
          "[:if, 18, 81, 6, 85, 9]": {
            "[:then, 19, 82, 8, 82, 57]": 3,
            "[:else, 20, 84, 8, 84, 66]": 2
          },
          "[:if, 21, 99, 4, 113, 7]": {
            "[:then, 22, 100, 6, 112, 9]": 0,
            "[:else, 23, 99, 4, 113, 7]": 1
          },
          "[:if, 24, 104, 6, 112, 9]": {
            "[:then, 25, 105, 8, 109, 9]": 0,
            "[:else, 26, 111, 8, 111, 44]": 0
          },
          "[:if, 27, 118, 4, 128, 7]": {
            "[:then, 28, 119, 6, 125, 9]": 3,
            "[:else, 29, 127, 6, 127, 54]": 0
          },
          "[:if, 30, 119, 6, 125, 9]": {
            "[:then, 31, 120, 8, 122, 102]": 3,
            "[:else, 32, 124, 8, 124, 69]": 0
          },
          "[:if, 33, 138, 4, 138, 65]": {
            "[:then, 34, 138, 4, 138, 33]": 0,
            "[:else, 35, 138, 4, 138, 65]": 0
          },
          "[:if, 36, 148, 4, 148, 41]": {
            "[:then, 37, 148, 4, 148, 10]": 0,
            "[:else, 38, 148, 4, 148, 41]": 5
          },
          "[:if, 39, 151, 4, 151, 30]": {
            "[:then, 40, 151, 4, 151, 10]": 0,
            "[:else, 41, 151, 4, 151, 30]": 5
          },
          "[:if, 42, 154, 4, 160, 7]": {
            "[:then, 43, 155, 6, 156, 80]": 5,
            "[:else, 44, 158, 6, 159, 43]": 0
          },
          "[:unless, 45, 164, 4, 164, 60]": {
            "[:else, 46, 164, 4, 164, 60]": 2,
            "[:then, 47, 164, 4, 164, 16]": 3
          },
          "[:if, 48, 167, 4, 167, 39]": {
            "[:then, 49, 167, 4, 167, 16]": 0,
            "[:else, 50, 167, 4, 167, 39]": 2
          },
          "[:if, 51, 170, 4, 170, 32]": {
            "[:then, 52, 170, 4, 170, 15]": 0,
            "[:else, 53, 170, 4, 170, 32]": 2
          },
          "[:if, 54, 200, 16, 200, 107]": {
            "[:then, 55, 200, 51, 200, 66]": 0,
            "[:else, 56, 200, 69, 200, 107]": 2
          },
          "[:if, 57, 201, 4, 201, 32]": {
            "[:then, 58, 201, 4, 201, 12]": 0,
            "[:else, 59, 201, 4, 201, 32]": 2
          },
          "[:if, 60, 203, 15, 203, 97]": {
            "[:then, 61, 203, 48, 203, 69]": 0,
            "[:else, 62, 203, 72, 203, 97]": 2
          },
          "[:if, 63, 208, 4, 208, 68]": {
            "[:then, 64, 208, 4, 208, 37]": 2,
            "[:else, 65, 208, 4, 208, 68]": 0
          },
          "[:if, 66, 225, 4, 225, 26]": {
            "[:then, 67, 225, 4, 225, 10]": 0,
            "[:else, 68, 225, 4, 225, 26]": 5
          }
        }
      },
      "C:/Users/Chloe2005/Downloads/CSCI3100 Project/branch_testing/csci3100_project_group6/app/mailers/booking_mailer.rb": {
        "lines": [
          1,
          null,
          null,
          null,
          null,
          null,
          null,
          null,
          null,
          null,
          null,
          1,
          5,
          5,
          5,
          5,
          null,
          null,
          1,
          3,
          3,
          3,
          3,
          null,
          null,
          1,
          null,
          1,
          8,
          8,
          null,
          8,
          8,
          null,
          null,
          1,
          16,
          null,
          16,
          null
        ],
        "branches": {
          "[:\"&.\", 0, 29, 40, 29, 70]": {
            "[:then, 1, 29, 40, 29, 70]": 0,
            "[:else, 2, 29, 40, 29, 70]": 0
          },
          "[:\"&.\", 3, 30, 36, 30, 64]": {
            "[:then, 4, 30, 36, 30, 64]": 0,
            "[:else, 5, 30, 36, 30, 64]": 0
          },
          "[:if, 6, 37, 4, 37, 32]": {
            "[:then, 7, 37, 4, 37, 16]": 0,
            "[:else, 8, 37, 4, 37, 32]": 16
          }
        }
      },
      "C:/Users/Chloe2005/Downloads/CSCI3100 Project/branch_testing/csci3100_project_group6/app/mailers/application_mailer.rb": {
        "lines": [
          1,
          1,
          1,
          null
        ],
        "branches": {}
      },
      "C:/Users/Chloe2005/Downloads/CSCI3100 Project/branch_testing/csci3100_project_group6/app/models/equipment.rb": {
        "lines": [
          1,
          null,
          null
        ],
        "branches": {}
      },
      "C:/Users/Chloe2005/Downloads/CSCI3100 Project/branch_testing/csci3100_project_group6/app/controllers/dashboards_controller.rb": {
        "lines": [
          1,
          1,
          1,
          null,
          1,
          1,
          1,
          null,
          null
        ],
        "branches": {}
      },
      "C:/Users/Chloe2005/Downloads/CSCI3100 Project/branch_testing/csci3100_project_group6/app/services/dashboard_stats_service.rb": {
        "lines": [
          1,
          1,
          1,
          null,
          null,
          null,
          null,
          1,
          null,
          null,
          null,
          null,
          null,
          3,
          1,
          null,
          null
        ],
        "branches": {}
      },
      "C:/Users/Chloe2005/Downloads/CSCI3100 Project/branch_testing/csci3100_project_group6/app/controllers/passwords_controller.rb": {
        "lines": [
          1,
          1,
          null,
          null,
          1,
          2,
          null,
          null,
          1,
          2,
          null,
          2,
          2,
          null,
          2,
          2,
          null,
          0,
          null,
          null,
          0,
          null,
          2,
          null,
          0,
          0,
          null,
          null,
          0,
          0,
          null,
          null
        ],
        "branches": {
          "[:if, 0, 12, 4, 31, 7]": {
            "[:then, 1, 13, 6, 27, 9]": 2,
            "[:else, 2, 29, 6, 30, 18]": 0
          },
          "[:if, 3, 13, 6, 27, 9]": {
            "[:then, 4, 14, 8, 23, 29]": 2,
            "[:else, 5, 25, 8, 26, 20]": 0
          }
        }
      },
      "C:/Users/Chloe2005/Downloads/CSCI3100 Project/branch_testing/csci3100_project_group6/app/mailers/user_mailer.rb": {
        "lines": [
          1,
          1,
          2,
          2,
          null,
          2,
          null,
          null,
          null,
          null,
          null
        ],
        "branches": {}
      },
      "C:/Users/Chloe2005/Downloads/CSCI3100 Project/branch_testing/csci3100_project_group6/app/controllers/registrations_controller.rb": {
        "lines": [
          0,
          0,
          null,
          0,
          0,
          0,
          0,
          null,
          0,
          0,
          null,
          0,
          0,
          0,
          0,
          0,
          0,
          0,
          0,
          null,
          0,
          null,
          0,
          0,
          0,
          0
        ],
        "branches": {}
      },
      "C:/Users/Chloe2005/Downloads/CSCI3100 Project/branch_testing/csci3100_project_group6/app/controllers/search_controller.rb": {
        "lines": [
          0,
          0,
          0,
          0,
          null,
          0,
          0,
          0,
          null,
          null,
          null,
          null,
          null,
          null,
          null,
          null,
          null,
          null,
          null,
          null,
          null,
          null,
          null,
          null,
          0,
          0,
          0,
          0,
          0,
          0
        ],
        "branches": {}
      },
      "C:/Users/Chloe2005/Downloads/CSCI3100 Project/branch_testing/csci3100_project_group6/app/controllers/welcome_controller.rb": {
        "lines": [
          0,
          0,
          0,
          null,
          0,
          0,
          0,
          0
        ],
        "branches": {}
      },
      "C:/Users/Chloe2005/Downloads/CSCI3100 Project/branch_testing/csci3100_project_group6/app/jobs/application_job.rb": {
        "lines": [
          0,
          null,
          null,
          null,
          null,
          null,
          0
        ],
        "branches": {}
      }
    },
    "timestamp": 1776099308
  }
}
